-------------------------------------------------------------------------------
Test set: com.owino.securityapp.api_tests.HolidaysApiTests
-------------------------------------------------------------------------------
Tests run: 2, Failures: 1, Errors: 0, Skipped: 0, Time elapsed: 4.99 s <<< FAILURE! - in com.owino.securityapp.api_tests.HolidaysApiTests
should_ListApiCapabilitiesWithoutAuthentication_Test  Time elapsed: 0.737 s  <<< FAILURE!
java.lang.AssertionError: Status expected:<200> but was:<401>
	at com.owino.securityapp.api_tests.HolidaysApiTests.should_ListApiCapabilitiesWithoutAuthentication_Test(HolidaysApiTests.java:35)

