<?xml version="1.0" encoding="UTF-8"?>
<testsuite xmlns:xsi="http://www.w3.org/2001/XMLSchema-instance" xsi:noNamespaceSchemaLocation="https://maven.apache.org/surefire/maven-surefire-plugin/xsd/surefire-test-report.xsd" name="com.owino.securityapp.api_tests.HolidaysApiTests" time="4.99" tests="2" errors="0" skipped="0" failures="1">
  <properties>
[...]
</properties>
  <testcase name="should_ListApiCapabilitiesWithoutAuthentication_Test" classname="com.owino.securityapp.api_tests.HolidaysApiTests" time="0.737">
    <failure message="Status expected:&lt;200&gt; but was:&lt;401&gt;" type="java.lang.AssertionError"><![CDATA[java.lang.AssertionError: Status expected:<200> but was:<401>
	at com.owino.securityapp.api_tests.HolidaysApiTests.should_ListApiCapabilitiesWithoutAuthentication_Test(HolidaysApiTests.java:35)
]]></failure>
    <system-out><![CDATA[14:22:34.341 [main] DEBUG org.springframework.boot.test.autoconfigure.web.servlet.WebMvcTestContextBootstrapper - Neither @ContextConfiguration nor @ContextHierarchy found for test class [HolidaysApiTests]: using SpringBootContextLoader
14:22:34.368 [main] DEBUG org.springframework.test.context.support.AbstractContextLoader - Could not detect default resource locations for test class [com.owino.securityapp.api_tests.HolidaysApiTests]: no resource found for suffixes {-context.xml, Context.groovy}.
14:22:34.376 [main] INFO org.springframework.test.context.support.AnnotationConfigContextLoaderUtils - Could not detect default configuration classes for test class [com.owino.securityapp.api_tests.HolidaysApiTests]: HolidaysApiTests does not declare any static, non-private, non-final, nested classes annotated with @Configuration.
14:22:34.797 [main] DEBUG org.springframework.boot.test.autoconfigure.web.servlet.WebMvcTestContextBootstrapper - Using ContextCustomizers for test class [HolidaysApiTests]: [ImportsContextCustomizer, ExcludeFilterContextCustomizer, DuplicateJsonObjectContextCustomizer, MockitoContextCustomizer, DisableAutoConfigurationContextCustomizer, DisableObservabilityContextCustomizer, TypeExcludeFiltersContextCustomizer, PropertyMappingContextCustomizer, Customizer]
14:22:35.274 [main] DEBUG org.springframework.context.annotation.ClassPathScanningCandidateComponentProvider - Identified candidate component class: file [/Users/samuelowino/Documents/rain-water/spring/spring-security/security-app/target/classes/com/owino/securityapp/SecurityappApplication.class]
14:22:35.277 [main] INFO org.springframework.boot.test.context.SpringBootTestContextBootstrapper - Found @SpringBootConfiguration com.owino.securityapp.SecurityappApplication for test class com.owino.securityapp.api_tests.HolidaysApiTests
14:22:35.338 [main] DEBUG org.springframework.boot.test.autoconfigure.web.servlet.WebMvcTestContextBootstrapper - Using TestExecutionListeners for test class [HolidaysApiTests]: [ServletTestExecutionListener, DirtiesContextBeforeModesTestExecutionListener, ApplicationEventsTestExecutionListener, MockitoTestExecutionListener, DependencyInjectionTestExecutionListener, DirtiesContextTestExecutionListener, TransactionalTestExecutionListener, SqlScriptsTestExecutionListener, EventPublishingTestExecutionListener, WithSecurityContextTestExecutionListener, ReactorContextTestExecutionListener, ResetMocksTestExecutionListener, RestDocsTestExecutionListener, MockRestServiceServerResetTestExecutionListener, MockMvcPrintOnlyOnFailureTestExecutionListener, WebDriverTestExecutionListener, MockWebServiceServerTestExecutionListener]
14:22:35.341 [main] DEBUG org.springframework.test.context.support.AbstractDirtiesContextTestExecutionListener - Before test class: class [HolidaysApiTests], class annotated with @DirtiesContext [false] with mode [null]
14:22:35.357 [main] DEBUG org.springframework.test.context.support.DependencyInjectionTestExecutionListener - Performing dependency injection for test class com.owino.securityapp.api_tests.HolidaysApiTests

  .   ____          _            __ _ _
 /\\ / ___'_ __ _ _(_)_ __  __ _ \ \ \ \
( ( )\___ | '_ | '_| | '_ \/ _` | \ \ \ \
 \\/  ___)| |_)| | | | | || (_| |  ) ) ) )
  '  |____| .__|_| |_|_| |_\__, | / / / /
 =========|_|==============|___/=/_/_/_/
 :: Spring Boot ::                (v3.0.1)

2023-01-12T14:22:36.077+03:00  INFO 2485 --- [           main] c.o.s.api_tests.HolidaysApiTests         : Starting HolidaysApiTests using Java 17.0.5 with PID 2485 (started by samuelowino in /Users/samuelowino/Documents/rain-water/spring/spring-security/security-app)
2023-01-12T14:22:36.083+03:00  INFO 2485 --- [           main] c.o.s.api_tests.HolidaysApiTests         : No active profile set, falling back to 1 default profile: "default"
2023-01-12T14:22:37.874+03:00  WARN 2485 --- [           main] ion$DefaultTemplateResolverConfiguration : Cannot find template location: classpath:/templates/ (please add some templates, check your Thymeleaf configuration, or set spring.thymeleaf.check-template-location=false)
2023-01-12T14:22:37.953+03:00  WARN 2485 --- [           main] .s.s.UserDetailsServiceAutoConfiguration : 

Using generated security password: f326d0ac-16c6-470e-8b48-3c0a068fe72f

This generated password is for development use only. Your security configuration must be updated before running your application in production.

2023-01-12T14:22:38.126+03:00  INFO 2485 --- [           main] o.s.s.web.DefaultSecurityFilterChain     : Will secure any request with [org.springframework.security.web.session.DisableEncodeUrlFilter@6f825516, org.springframework.security.web.context.request.async.WebAsyncManagerIntegrationFilter@2da99821, org.springframework.security.web.context.SecurityContextHolderFilter@6baf25d7, org.springframework.security.web.header.HeaderWriterFilter@38d08cb5, org.springframework.security.web.csrf.CsrfFilter@3d9f5016, org.springframework.security.web.authentication.logout.LogoutFilter@7a2ab862, org.springframework.security.web.authentication.UsernamePasswordAuthenticationFilter@4fb56bea, org.springframework.security.web.authentication.ui.DefaultLoginPageGeneratingFilter@270d43a7, org.springframework.security.web.authentication.ui.DefaultLogoutPageGeneratingFilter@62cba181, org.springframework.security.web.authentication.www.BasicAuthenticationFilter@54a2d96e, org.springframework.security.web.savedrequest.RequestCacheAwareFilter@5b5b59, org.springframework.security.web.servletapi.SecurityContextHolderAwareRequestFilter@33f17289, org.springframework.security.web.authentication.AnonymousAuthenticationFilter@1b482cbf, org.springframework.security.web.access.ExceptionTranslationFilter@2a235b8e, org.springframework.security.web.access.intercept.AuthorizationFilter@58aa10f4]
2023-01-12T14:22:38.232+03:00  INFO 2485 --- [           main] o.s.b.t.m.w.SpringBootMockServletContext : Initializing Spring TestDispatcherServlet ''
2023-01-12T14:22:38.233+03:00  INFO 2485 --- [           main] o.s.t.web.servlet.TestDispatcherServlet  : Initializing Servlet ''
2023-01-12T14:22:38.236+03:00  INFO 2485 --- [           main] o.s.t.web.servlet.TestDispatcherServlet  : Completed initialization in 3 ms
2023-01-12T14:22:38.279+03:00  INFO 2485 --- [           main] c.o.s.api_tests.HolidaysApiTests         : Started HolidaysApiTests in 2.818 seconds (process running for 6.098)

MockHttpServletRequest:
      HTTP Method = GET
      Request URI = /feature
       Parameters = {}
          Headers = []
             Body = null
    Session Attrs = {SPRING_SECURITY_SAVED_REQUEST=DefaultSavedRequest [http://localhost/feature?continue]}

Handler:
             Type = null

Async:
    Async started = false
     Async result = null

Resolved Exception:
             Type = null

ModelAndView:
        View name = null
             View = null
            Model = null

FlashMap:
       Attributes = null

MockHttpServletResponse:
           Status = 401
    Error message = Unauthorized
          Headers = [WWW-Authenticate:"Basic realm="Realm"", X-Content-Type-Options:"nosniff", X-XSS-Protection:"0", Cache-Control:"no-cache, no-store, max-age=0, must-revalidate", Pragma:"no-cache", Expires:"0", X-Frame-Options:"DENY"]
     Content type = null
             Body = 
    Forwarded URL = null
   Redirected URL = null
          Cookies = []
]]></system-out>
  </testcase>
  <testcase name="should_NotListHolidaysToUnAuthenticatedPersons_Test" classname="com.owino.securityapp.api_tests.HolidaysApiTests" time="0.032"/>
</testsuite>